<?xml version="1.0" encoding="UTF-8"?>
<testng-results skipped="0" failed="0" ignored="0" total="1" passed="1">
  <reporter-output>
  </reporter-output>
  <suite name="Default suite" duration-ms="26558" started-at="2018-09-09T20:19:14Z" finished-at="2018-09-09T20:19:40Z">
    <groups>
    </groups>
    <test name="Default test" duration-ms="26558" started-at="2018-09-09T20:19:14Z" finished-at="2018-09-09T20:19:40Z">
      <class name="captureScreenshot.FacebookScreenShot">
        <test-method status="PASS" signature="captureScrnshot()[pri:0, instance:captureScreenshot.FacebookScreenShot@74650e52]" name="captureScrnshot" duration-ms="26413" started-at="2018-09-10T01:49:14Z" finished-at="2018-09-10T01:49:40Z">
          <reporter-output>
          </reporter-output>
        </test-method> <!-- captureScrnshot -->
      </class> <!-- captureScreenshot.FacebookScreenShot -->
    </test> <!-- Default test -->
  </suite> <!-- Default suite -->
</testng-results>
